<?xml version="1.0" encoding="UTF-8"?>
<!-- Generated by org.testng.reporters.JUnitReportReporter -->
<testsuite hostname="NODE167" name="com.a.b.MyClass" tests="1" failures="1" timestamp="24 Aug 2016 11:39:49 GMT" time="77.907" errors="0">
  <testcase name="t1" time="77.907" classname="com.a.b.MyClass">
    <failure type="org.openqa.selenium.WebDriverException" message="Failed to connect to binary FirefoxBinary(C:\Program Files (x86)\Mozilla Firefox\firefox.exe) on port 7055; process output follows: 
,&quot;syncGUID&quot;:&quot;LlEo-FXtiVuQ&quot;,&quot;location&quot;:&quot;app-global&quot;,&quot;version&quot;:&quot;47.0.1&quot;,&quot;type&quot;:&quot;theme&quot;,&quot;internalName&quot;:&quot;classic/1.0&quot;,&quot;updateURL&quot;:null,&quot;updateKey&quot;:null,&quot;optionsURL&quot;:null,&quot;optionsType&quot;:null,&quot;aboutURL&quot;:null,&quot;icons&quot;:{&quot;32&quot;:&quot;icon.png&quot;,&quot;48&quot;:&quot;icon.png&quot;},&quot;iconURL&quot;:null,&quot;icon64URL&quot;:null,&quot;defaultLocale&quot;:{&quot;name&quot;:&quot;Default&quot;,&quot;description&quot;:&quot;The default theme.&quot;,&quot;creator&quot;:&quot;Mozilla&quot;,&quot;homepageURL&quot;:null,&quot;contributors&quot;:[&quot;Mozilla Contributors&quot;]},&quot;visible&quot;:true,&quot;active&quot;:true,&quot;userDisabled&quot;:false,&quot;appDisabled&quot;:false,&quot;descriptor&quot;:&quot;C:\\Program Files (x86)\\Mozilla Firefox\\browser\\extensions\\{972ce4c6-7e08-4474-a285-3208198ce6fd}.xpi&quot;,&quot;installDate&quot;:1466734942000,&quot;updateDate&quot;:1466734942000,&quot;applyBackgroundUpdates&quot;:1,&quot;skinnable&quot;:true,&quot;size&quot;:22012,&quot;sourceURI&quot;:null,&quot;releaseNotesURI&quot;:null,&quot;softDisabled&quot;:false,&quot;foreignInstall&quot;:false,&quot;hasBinaryComponents&quot;:false,&quot;strictCompatibility&quot;:true,&quot;locales&quot;:[],&quot;targetApplications&quot;:[{&quot;id&quot;:&quot;{ec8030f7-c20a-464f-9b0e-13a3a9e97384}&quot;,&quot;minVersion&quot;:&quot;47.0.1&quot;,&quot;maxVersion&quot;:&quot;47.0.1&quot;}],&quot;targetPlatforms&quot;:[],&quot;seen&quot;:true}
1472038743775	addons.xpi	DEBUG	getModTime: Recursive scan of {972ce4c6-7e08-4474-a285-3208198ce6fd}
1472038743777	DeferredSave.extensions.json	DEBUG	Save changes
1472038743777	addons.xpi	DEBUG	Updating database with changes to installed add-ons
1472038743777	addons.xpi-utils	DEBUG	Updating add-on states
1472038743778	addons.xpi-utils	DEBUG	Writing add-ons list
1472038743782	addons.xpi	DEBUG	Registering manifest for C:\Program Files (x86)\Mozilla Firefox\browser\features\e10srollout@mozilla.org.xpi
1472038743783	addons.xpi	DEBUG	Calling bootstrap method startup on e10srollout@mozilla.org version 1.0
1472038743783	addons.xpi	DEBUG	Registering manifest for C:\Program Files (x86)\Mozilla Firefox\browser\features\firefox@getpocket.com.xpi
1472038743784	addons.xpi	DEBUG	Calling bootstrap method startup on firefox@getpocket.com version 1.0.2
1472038743785	addons.xpi	DEBUG	Registering manifest for C:\Program Files (x86)\Mozilla Firefox\browser\features\loop@mozilla.org.xpi
1472038743786	addons.xpi	DEBUG	Calling bootstrap method startup on loop@mozilla.org version 1.3.2
1472038743806	addons.manager	DEBUG	Registering shutdown blocker for XPIProvider
1472038743806	addons.manager	DEBUG	Provider finished startup: XPIProvider
1472038743806	addons.manager	DEBUG	Starting provider: LightweightThemeManager
1472038743806	addons.manager	DEBUG	Registering shutdown blocker for LightweightThemeManager
1472038743806	addons.manager	DEBUG	Provider finished startup: LightweightThemeManager
1472038743807	addons.manager	DEBUG	Starting provider: GMPProvider
1472038743813	addons.manager	DEBUG	Registering shutdown blocker for GMPProvider
1472038743813	addons.manager	DEBUG	Provider finished startup: GMPProvider
1472038743813	addons.manager	DEBUG	Starting provider: PluginProvider
1472038743814	addons.manager	DEBUG	Registering shutdown blocker for PluginProvider
1472038743814	addons.manager	DEBUG	Provider finished startup: PluginProvider
1472038743814	addons.manager	DEBUG	Completed startup sequence
1472038745154	DeferredSave.extensions.json	DEBUG	Starting write
1472038745160	addons.manager	DEBUG	Starting provider: &lt;unnamed-provider&gt;
1472038745160	addons.manager	DEBUG	Registering shutdown blocker for &lt;unnamed-provider&gt;
1472038745160	addons.manager	DEBUG	Provider finished startup: &lt;unnamed-provider&gt;
1472038745568	addons.repository	DEBUG	No addons.json found.
1472038745568	DeferredSave.addons.json	DEBUG	Save changes
1472038745571	DeferredSave.addons.json	DEBUG	Starting timer
1472038745592	addons.manager	DEBUG	Starting provider: PreviousExperimentProvider
1472038745592	addons.manager	DEBUG	Registering shutdown blocker for PreviousExperimentProvider
1472038745592	addons.manager	DEBUG	Provider finished startup: PreviousExperimentProvider
1472038745594	DeferredSave.extensions.json	DEBUG	Write succeeded
1472038745595	addons.xpi-utils	DEBUG	XPI Database saved, setting schema version preference to 17
1472038745624	DeferredSave.addons.json	DEBUG	Starting write
1472038745931	DeferredSave.addons.json	DEBUG	Write succeeded

Build info: version: &#039;2.53.0&#039;, revision: &#039;35ae25b1534ae328c771e0856c93e187490ca824&#039;, time: &#039;2016-03-15 10:43:46&#039;
System info: host: &#039;NODE167&#039;, ip: &#039;10.210.1.46&#039;, os.name: &#039;Windows 8.1&#039;, os.arch: &#039;amd64&#039;, os.version: &#039;6.3&#039;, java.version: &#039;1.7.0_79&#039;
Driver info: driver.version: FirefoxDriver">
      <![CDATA[org.openqa.selenium.WebDriverException: Failed to connect to binary FirefoxBinary(C:\Program Files (x86)\Mozilla Firefox\firefox.exe) on port 7055; process output follows: 
,"syncGUID":"LlEo-FXtiVuQ","location":"app-global","version":"47.0.1","type":"theme","internalName":"classic/1.0","updateURL":null,"updateKey":null,"optionsURL":null,"optionsType":null,"aboutURL":null,"icons":{"32":"icon.png","48":"icon.png"},"iconURL":null,"icon64URL":null,"defaultLocale":{"name":"Default","description":"The default theme.","creator":"Mozilla","homepageURL":null,"contributors":["Mozilla Contributors"]},"visible":true,"active":true,"userDisabled":false,"appDisabled":false,"descriptor":"C:\\Program Files (x86)\\Mozilla Firefox\\browser\\extensions\\{972ce4c6-7e08-4474-a285-3208198ce6fd}.xpi","installDate":1466734942000,"updateDate":1466734942000,"applyBackgroundUpdates":1,"skinnable":true,"size":22012,"sourceURI":null,"releaseNotesURI":null,"softDisabled":false,"foreignInstall":false,"hasBinaryComponents":false,"strictCompatibility":true,"locales":[],"targetApplications":[{"id":"{ec8030f7-c20a-464f-9b0e-13a3a9e97384}","minVersion":"47.0.1","maxVersion":"47.0.1"}],"targetPlatforms":[],"seen":true}
1472038743775	addons.xpi	DEBUG	getModTime: Recursive scan of {972ce4c6-7e08-4474-a285-3208198ce6fd}
1472038743777	DeferredSave.extensions.json	DEBUG	Save changes
1472038743777	addons.xpi	DEBUG	Updating database with changes to installed add-ons
1472038743777	addons.xpi-utils	DEBUG	Updating add-on states
1472038743778	addons.xpi-utils	DEBUG	Writing add-ons list
1472038743782	addons.xpi	DEBUG	Registering manifest for C:\Program Files (x86)\Mozilla Firefox\browser\features\e10srollout@mozilla.org.xpi
1472038743783	addons.xpi	DEBUG	Calling bootstrap method startup on e10srollout@mozilla.org version 1.0
1472038743783	addons.xpi	DEBUG	Registering manifest for C:\Program Files (x86)\Mozilla Firefox\browser\features\firefox@getpocket.com.xpi
1472038743784	addons.xpi	DEBUG	Calling bootstrap method startup on firefox@getpocket.com version 1.0.2
1472038743785	addons.xpi	DEBUG	Registering manifest for C:\Program Files (x86)\Mozilla Firefox\browser\features\loop@mozilla.org.xpi
1472038743786	addons.xpi	DEBUG	Calling bootstrap method startup on loop@mozilla.org version 1.3.2
1472038743806	addons.manager	DEBUG	Registering shutdown blocker for XPIProvider
1472038743806	addons.manager	DEBUG	Provider finished startup: XPIProvider
1472038743806	addons.manager	DEBUG	Starting provider: LightweightThemeManager
1472038743806	addons.manager	DEBUG	Registering shutdown blocker for LightweightThemeManager
1472038743806	addons.manager	DEBUG	Provider finished startup: LightweightThemeManager
1472038743807	addons.manager	DEBUG	Starting provider: GMPProvider
1472038743813	addons.manager	DEBUG	Registering shutdown blocker for GMPProvider
1472038743813	addons.manager	DEBUG	Provider finished startup: GMPProvider
1472038743813	addons.manager	DEBUG	Starting provider: PluginProvider
1472038743814	addons.manager	DEBUG	Registering shutdown blocker for PluginProvider
1472038743814	addons.manager	DEBUG	Provider finished startup: PluginProvider
1472038743814	addons.manager	DEBUG	Completed startup sequence
1472038745154	DeferredSave.extensions.json	DEBUG	Starting write
1472038745160	addons.manager	DEBUG	Starting provider: <unnamed-provider>
1472038745160	addons.manager	DEBUG	Registering shutdown blocker for <unnamed-provider>
1472038745160	addons.manager	DEBUG	Provider finished startup: <unnamed-provider>
1472038745568	addons.repository	DEBUG	No addons.json found.
1472038745568	DeferredSave.addons.json	DEBUG	Save changes
1472038745571	DeferredSave.addons.json	DEBUG	Starting timer
1472038745592	addons.manager	DEBUG	Starting provider: PreviousExperimentProvider
1472038745592	addons.manager	DEBUG	Registering shutdown blocker for PreviousExperimentProvider
1472038745592	addons.manager	DEBUG	Provider finished startup: PreviousExperimentProvider
1472038745594	DeferredSave.extensions.json	DEBUG	Write succeeded
1472038745595	addons.xpi-utils	DEBUG	XPI Database saved, setting schema version preference to 17
1472038745624	DeferredSave.addons.json	DEBUG	Starting write
1472038745931	DeferredSave.addons.json	DEBUG	Write succeeded

Build info: version: '2.53.0', revision: '35ae25b1534ae328c771e0856c93e187490ca824', time: '2016-03-15 10:43:46'
System info: host: 'NODE167', ip: '10.210.1.46', os.name: 'Windows 8.1', os.arch: 'amd64', os.version: '6.3', java.version: '1.7.0_79'
Driver info: driver.version: FirefoxDriver
	at org.openqa.selenium.firefox.internal.NewProfileExtensionConnection.start(NewProfileExtensionConnection.java:125)
	at org.openqa.selenium.firefox.FirefoxDriver.startClient(FirefoxDriver.java:271)
	at org.openqa.selenium.remote.RemoteWebDriver.<init>(RemoteWebDriver.java:119)
	at org.openqa.selenium.firefox.FirefoxDriver.<init>(FirefoxDriver.java:216)
	at org.openqa.selenium.firefox.FirefoxDriver.<init>(FirefoxDriver.java:211)
	at org.openqa.selenium.firefox.FirefoxDriver.<init>(FirefoxDriver.java:207)
	at org.openqa.selenium.firefox.FirefoxDriver.<init>(FirefoxDriver.java:120)
	at com.a.b.MyClass.t1(MyClass.java:11)
	at sun.reflect.NativeMethodAccessorImpl.invoke0(Native Method)
	at sun.reflect.NativeMethodAccessorImpl.invoke(Unknown Source)
	at sun.reflect.DelegatingMethodAccessorImpl.invoke(Unknown Source)
	at java.lang.reflect.Method.invoke(Unknown Source)
	at org.testng.internal.MethodInvocationHelper.invokeMethod(MethodInvocationHelper.java:84)
	at org.testng.internal.Invoker.invokeMethod(Invoker.java:714)
	at org.testng.internal.Invoker.invokeTestMethod(Invoker.java:901)
	at org.testng.internal.Invoker.invokeTestMethods(Invoker.java:1231)
	at org.testng.internal.TestMethodWorker.invokeTestMethods(TestMethodWorker.java:127)
	at org.testng.internal.TestMethodWorker.run(TestMethodWorker.java:111)
	at org.testng.TestRunner.privateRun(TestRunner.java:767)
	at org.testng.TestRunner.run(TestRunner.java:617)
	at org.testng.SuiteRunner.runTest(SuiteRunner.java:334)
	at org.testng.SuiteRunner.runSequentially(SuiteRunner.java:329)
	at org.testng.SuiteRunner.privateRun(SuiteRunner.java:291)
	at org.testng.SuiteRunner.run(SuiteRunner.java:240)
	at org.testng.SuiteRunnerWorker.runSuite(SuiteRunnerWorker.java:52)
	at org.testng.SuiteRunnerWorker.run(SuiteRunnerWorker.java:86)
	at org.testng.TestNG.runSuitesSequentially(TestNG.java:1224)
	at org.testng.TestNG.runSuitesLocally(TestNG.java:1149)
	at org.testng.TestNG.run(TestNG.java:1057)
	at org.testng.remote.RemoteTestNG.run(RemoteTestNG.java:111)
	at org.testng.remote.RemoteTestNG.initAndRun(RemoteTestNG.java:204)
	at org.testng.remote.RemoteTestNG.main(RemoteTestNG.java:175)
Caused by: org.openqa.selenium.firefox.NotConnectedException: Unable to connect to host 127.0.0.1 on port 7055 after 45000 ms. Firefox console output:
,"syncGUID":"LlEo-FXtiVuQ","location":"app-global","version":"47.0.1","type":"theme","internalName":"classic/1.0","updateURL":null,"updateKey":null,"optionsURL":null,"optionsType":null,"aboutURL":null,"icons":{"32":"icon.png","48":"icon.png"},"iconURL":null,"icon64URL":null,"defaultLocale":{"name":"Default","description":"The default theme.","creator":"Mozilla","homepageURL":null,"contributors":["Mozilla Contributors"]},"visible":true,"active":true,"userDisabled":false,"appDisabled":false,"descriptor":"C:\\Program Files (x86)\\Mozilla Firefox\\browser\\extensions\\{972ce4c6-7e08-4474-a285-3208198ce6fd}.xpi","installDate":1466734942000,"updateDate":1466734942000,"applyBackgroundUpdates":1,"skinnable":true,"size":22012,"sourceURI":null,"releaseNotesURI":null,"softDisabled":false,"foreignInstall":false,"hasBinaryComponents":false,"strictCompatibility":true,"locales":[],"targetApplications":[{"id":"{ec8030f7-c20a-464f-9b0e-13a3a9e97384}","minVersion":"47.0.1","maxVersion":"47.0.1"}],"targetPlatforms":[],"seen":true}
1472038743775	addons.xpi	DEBUG	getModTime: Recursive scan of {972ce4c6-7e08-4474-a285-3208198ce6fd}
1472038743777	DeferredSave.extensions.json	DEBUG	Save changes
1472038743777	addons.xpi	DEBUG	Updating database with changes to installed add-ons
1472038743777	addons.xpi-utils	DEBUG	Updating add-on states
1472038743778	addons.xpi-utils	DEBUG	Writing add-ons list
1472038743782	addons.xpi	DEBUG	Registering manifest for C:\Program Files (x86)\Mozilla Firefox\browser\features\e10srollout@mozilla.org.xpi
1472038743783	addons.xpi	DEBUG	Calling bootstrap method startup on e10srollout@mozilla.org version 1.0
1472038743783	addons.xpi	DEBUG	Registering manifest for C:\Program Files (x86)\Mozilla Firefox\browser\features\firefox@getpocket.com.xpi
1472038743784	addons.xpi	DEBUG	Calling bootstrap method startup on firefox@getpocket.com version 1.0.2
1472038743785	addons.xpi	DEBUG	Registering manifest for C:\Program Files (x86)\Mozilla Firefox\browser\features\loop@mozilla.org.xpi
1472038743786	addons.xpi	DEBUG	Calling bootstrap method startup on loop@mozilla.org version 1.3.2
1472038743806	addons.manager	DEBUG	Registering shutdown blocker for XPIProvider
1472038743806	addons.manager	DEBUG	Provider finished startup: XPIProvider
1472038743806	addons.manager	DEBUG	Starting provider: LightweightThemeManager
1472038743806	addons.manager	DEBUG	Registering shutdown blocker for LightweightThemeManager
1472038743806	addons.manager	DEBUG	Provider finished startup: LightweightThemeManager
1472038743807	addons.manager	DEBUG	Starting provider: GMPProvider
1472038743813	addons.manager	DEBUG	Registering shutdown blocker for GMPProvider
1472038743813	addons.manager	DEBUG	Provider finished startup: GMPProvider
1472038743813	addons.manager	DEBUG	Starting provider: PluginProvider
1472038743814	addons.manager	DEBUG	Registering shutdown blocker for PluginProvider
1472038743814	addons.manager	DEBUG	Provider finished startup: PluginProvider
1472038743814	addons.manager	DEBUG	Completed startup sequence
1472038745154	DeferredSave.extensions.json	DEBUG	Starting write
1472038745160	addons.manager	DEBUG	Starting provider: <unnamed-provider>
1472038745160	addons.manager	DEBUG	Registering shutdown blocker for <unnamed-provider>
1472038745160	addons.manager	DEBUG	Provider finished startup: <unnamed-provider>
1472038745568	addons.repository	DEBUG	No addons.json found.
1472038745568	DeferredSave.addons.json	DEBUG	Save changes
1472038745571	DeferredSave.addons.json	DEBUG	Starting timer
1472038745592	addons.manager	DEBUG	Starting provider: PreviousExperimentProvider
1472038745592	addons.manager	DEBUG	Registering shutdown blocker for PreviousExperimentProvider
1472038745592	addons.manager	DEBUG	Provider finished startup: PreviousExperimentProvider
1472038745594	DeferredSave.extensions.json	DEBUG	Write succeeded
1472038745595	addons.xpi-utils	DEBUG	XPI Database saved, setting schema version preference to 17
1472038745624	DeferredSave.addons.json	DEBUG	Starting write
1472038745931	DeferredSave.addons.json	DEBUG	Write succeeded

	at org.openqa.selenium.firefox.internal.NewProfileExtensionConnection.start(NewProfileExtensionConnection.java:113)
	... 31 more
]]>
    </failure>
  </testcase> <!-- t1 -->
</testsuite> <!-- com.a.b.MyClass -->
