<?xml version="1.0" encoding="UTF-8"?>
<!-- Generated by org.testng.reporters.JUnitReportReporter -->
<testsuite hostname="NODE167" name="com.a.b.SeleniumGridTest" tests="1" failures="0" timestamp="25 Aug 2016 11:25:06 GMT" time="53.501" errors="0">
  <testcase name="t1" time="53.501" classname="com.a.b.SeleniumGridTest"/>
</testsuite> <!-- com.a.b.SeleniumGridTest -->
